<?xml version="1.0" encoding="UTF-8"?>
<!-- Generated by org.testng.reporters.JUnitReportReporter -->
<testsuite skipped="0" hostname="Tenzins-MacBook-Pro.local" name="home.MeserollHome" tests="1" failures="0" timestamp="2022-07-25T11:45:10 EDT" time="5.718" errors="0">
  <testcase name="getHomePage" time="5.718" classname="home.MeserollHome"/>
  <system-out/>
</testsuite> <!-- home.MeserollHome -->
