<?xml version="1.0" encoding="UTF-8"?>
<!-- Generated by org.testng.reporters.JUnitReportReporter -->
<testsuite skipped="0" hostname="Tenzins-MacBook-Pro.local" name="test.MeserollHomePage" tests="1" failures="0" timestamp="2022-07-25T17:13:31 EDT" time="8.642" errors="0">
  <testcase name="getHomePage" time="8.642" classname="test.MeserollHomePage"/>
  <system-out>
    <![CDATA[[[ChromeDriver: chrome on MAC (95e002aa46f5aa49c519e5d8ff1bd305)] -> xpath: (//a[text()='Create an Account'])[1]] : This element has been clicked<br>
Current url is : https://meserollshop.com/account/register<br>]]>
  </system-out>
</testsuite> <!-- test.MeserollHomePage -->
