<?xml version="1.0" encoding="UTF-8"?>
<!-- Generated by org.testng.reporters.JUnitReportReporter -->
<testsuite skipped="0" hostname="Tenzins-MacBook-Pro.local" name="com.meserollshop.qa.test.home.HomePage" tests="1" failures="0" timestamp="2022-07-24T21:31:38 EDT" time="7.674" errors="0">
  <testcase name="getHomePage" time="7.674" classname="com.meserollshop.qa.test.home.HomePage"/>
  <system-out/>
</testsuite> <!-- com.meserollshop.qa.test.home.HomePage -->
