<?xml version="1.0" encoding="UTF-8"?>
<!-- Generated by org.testng.reporters.JUnitReportReporter -->
<testsuite skipped="0" hostname="Tenzins-MacBook-Pro.local" name="test.MeserollHome" tests="1" failures="0" timestamp="2022-07-25T15:47:59 EDT" time="8.569" errors="0">
  <testcase name="getHomePage" time="8.569" classname="test.MeserollHome"/>
  <system-out>
    <![CDATA[[[ChromeDriver: chrome on MAC (8427cbe169d6e9434cd91a870e6802ad)] -> xpath: (//a[text()='Create an Account'])[1]] : This element has been clicked]]>
  </system-out>
</testsuite> <!-- test.MeserollHome -->
