<?xml version="1.0" encoding="UTF-8"?>
<!-- Generated by org.testng.reporters.JUnitReportReporter -->
<testsuite skipped="0" hostname="Tenzins-MacBook-Pro.local" name="test.TestClass" tests="1" failures="0" timestamp="2022-08-07T20:05:12 EDT" time="40.203" errors="0">
  <testcase name="SignUp" time="40.203" classname="test.TestClass"/>
  <system-out>
    <![CDATA[[[ChromeDriver: chrome on MAC (0973ed4fff685bc27891a5db83a1c2c9)] -> id: customer_register_link] : This element has been clicked<br>
Tenzin : This values has been passed into ---> [[ChromeDriver: chrome on MAC (0973ed4fff685bc27891a5db83a1c2c9)] -> id: first_name]<br>
Nyandak : This values has been passed into ---> [[ChromeDriver: chrome on MAC (0973ed4fff685bc27891a5db83a1c2c9)] -> id: last_name]<br>
tenzinbmx@gmail.com : This values has been passed into ---> [[ChromeDriver: chrome on MAC (0973ed4fff685bc27891a5db83a1c2c9)] -> id: email]<br>
Meseroll : This values has been passed into ---> [[ChromeDriver: chrome on MAC (0973ed4fff685bc27891a5db83a1c2c9)] -> id: create_password]<br>
Proxy element for: DefaultElementLocator 'By.xpath: //input[@value='Create']' : This element has been clicked<br>]]>
  </system-out>
</testsuite> <!-- test.TestClass -->
